2021-01-29 05:34:07:953 [Appium] Welcome to Appium v1.18.1
2021-01-29 05:34:07:958 [Appium] Non-default server args:
2021-01-29 05:34:07:959 [Appium]   sessionOverride: true
2021-01-29 05:34:07:960 [Appium]   logFile: D:\OCT2020\com.oswal.android\ServerLogs\server 29-01-2021.log
2021-01-29 05:34:08:047 [Appium] Appium REST http interface listener started on 0.0.0.0:4723
2021-01-29 05:34:08:450 [HTTP] --> GET /wd/hub/status
2021-01-29 05:34:08:452 [HTTP] {}
2021-01-29 05:34:08:459 [GENERIC] Calling AppiumDriver.getStatus() with args: []
2021-01-29 05:34:08:463 [GENERIC] Responding to client with driver.getStatus() result: {"build":{"version":"1.18.1"}}
2021-01-29 05:34:08:478 [HTTP] <-- GET /wd/hub/status 200 23 ms - 68
2021-01-29 05:34:08:479 [HTTP] 
2021-01-29 05:34:11:715 [HTTP] Request idempotency key: 4fae4d17-32b4-421f-a817-c3878acbd874
2021-01-29 05:34:11:773 [HTTP] --> POST /wd/hub/session
2021-01-29 05:34:11:774 [HTTP] {"desiredCapabilities":{"appPackage":"com.mosl.mobile.dev","noReset":false,"UDID":"emulator-5554","deviceName":"Android Emulator","fullReset":false,"appWaitDuration":180000,"appActivity":"com.mosl.mobile.splash.SplashActivity","platformVersion":"8.1.0","automationName":"uiautomator2","autoGrantPermissions":true,"platformName":"android","autoAcceptAlerts":true},"capabilities":{"firstMatch":[{"UDID":"emulator-5554","appium:appActivity":"com.mosl.mobile.splash.SplashActivity","appium:appPackage":"com.mosl.mobile.dev","appium:appWaitDuration":180000,"appium:autoAcceptAlerts":true,"appium:autoGrantPermissions":true,"appium:automationName":"uiautomator2","appium:deviceName":"Android Emulator","appium:fullReset":false,"appium:noReset":false,"platformName":"android","appium:platformVersion":"8.1.0"}]}}
2021-01-29 05:34:11:777 [W3C] Calling AppiumDriver.createSession() with args: [{"appPackage":"com.mosl.mobile.dev","noReset":false,"UDID":"emulator-5554","deviceName":"Android Emulator","fullReset":false,"appWaitDuration":180000,"appActivity":"com.mosl.mobile.splash.SplashActivity","platformVersion":"8.1.0","automationName":"uiautomator2","autoGrantPermissions":true,"platformName":"android","autoAcceptAlerts":true},null,{"firstMatch":[{"UDID":"emulator-5554","appium:appActivity":"com.mosl.mobile.splash.SplashActivity","appium:appPackage":"com.mosl.mobile.dev","appium:appWaitDuration":180000,"appium:autoAcceptAlerts":true,"appium:autoGrantPermissions":true,"appium:automationName":"uiautomator2","appium:deviceName":"Android Emulator","appium:fullReset":false,"appium:noReset":false,"platformName":"android","appium:platformVersion":"8.1.0"}]}]
2021-01-29 05:34:11:779 [BaseDriver] Event 'newSessionRequested' logged at 1611898451779 (11:04:11 GMT+0530 (India Standard Time))
2021-01-29 05:34:11:790 [BaseDriver] The following capabilities are not standard capabilities and should have an extension prefix:
2021-01-29 05:34:11:791 [BaseDriver]   UDID
2021-01-29 05:34:12:642 [Appium] Appium v1.18.1 creating new AndroidUiautomator2Driver (v1.56.1) session
2021-01-29 05:34:12:643 [Appium] There are no active sessions for cleanup
2021-01-29 05:34:12:652 [BaseDriver] W3C capabilities and MJSONWP desired capabilities were provided
2021-01-29 05:34:12:653 [BaseDriver] Creating session with W3C capabilities: {
2021-01-29 05:34:12:654 [BaseDriver]   "alwaysMatch": {
2021-01-29 05:34:12:655 [BaseDriver]     "appium:UDID": "emulator-5554",
2021-01-29 05:34:12:655 [BaseDriver]     "platformName": "android",
2021-01-29 05:34:12:656 [BaseDriver]     "appium:appActivity": "com.mosl.mobile.splash.SplashActivity",
2021-01-29 05:34:12:656 [BaseDriver]     "appium:appPackage": "com.mosl.mobile.dev",
2021-01-29 05:34:12:657 [BaseDriver]     "appium:appWaitDuration": 180000,
2021-01-29 05:34:12:658 [BaseDriver]     "appium:autoAcceptAlerts": true,
2021-01-29 05:34:12:658 [BaseDriver]     "appium:autoGrantPermissions": true,
2021-01-29 05:34:12:659 [BaseDriver]     "appium:automationName": "uiautomator2",
2021-01-29 05:34:12:659 [BaseDriver]     "appium:deviceName": "Android Emulator",
2021-01-29 05:34:12:660 [BaseDriver]     "appium:fullReset": false,
2021-01-29 05:34:12:660 [BaseDriver]     "appium:noReset": false,
2021-01-29 05:34:12:661 [BaseDriver]     "appium:platformVersion": "8.1.0"
2021-01-29 05:34:12:661 [BaseDriver]   },
2021-01-29 05:34:12:662 [BaseDriver]   "firstMatch": [
2021-01-29 05:34:12:662 [BaseDriver]     {}
2021-01-29 05:34:12:663 [BaseDriver]   ]
2021-01-29 05:34:12:663 [BaseDriver] }
2021-01-29 05:34:12:687 [BaseDriver] The following capabilities were provided, but are not recognized by Appium:
2021-01-29 05:34:12:688 [BaseDriver]   UDID
2021-01-29 05:34:12:689 [BaseDriver]   autoAcceptAlerts
2021-01-29 05:34:12:691 [BaseDriver] Session created with session id: 7a0a8deb-1872-4014-92c2-db61d370c3cc
2021-01-29 05:34:12:693 [UiAutomator2] Starting 'com.mosl.mobile.dev' directly on the device
2021-01-29 05:34:12:767 [ADB] Found 1 'build-tools' folders under 'C:\Users\AMAR-G\AppData\Local\Android\Sdk' (newest first):
2021-01-29 05:34:12:769 [ADB]     C:/Users/AMAR-G/AppData/Local/Android/Sdk/build-tools/29.0.3
2021-01-29 05:34:12:773 [ADB] Using 'adb.exe' from 'C:\Users\AMAR-G\AppData\Local\Android\Sdk\platform-tools\adb.exe'
2021-01-29 05:34:12:777 [ADB] Running 'C:\Users\AMAR-G\AppData\Local\Android\Sdk\platform-tools\adb.exe -P 5037 start-server'
2021-01-29 05:34:12:922 [AndroidDriver] Retrieving device list
2021-01-29 05:34:12:924 [ADB] Trying to find a connected android device
2021-01-29 05:34:12:926 [ADB] Getting connected devices
2021-01-29 05:34:13:034 [ADB] Connected devices: [{"udid":"emulator-5554","state":"device"}]
2021-01-29 05:34:13:036 [AndroidDriver] Looking for a device with Android '8.1.0'
2021-01-29 05:34:13:036 [ADB] Setting device id to emulator-5554
2021-01-29 05:34:13:037 [ADB] Getting device platform version
2021-01-29 05:34:13:039 [ADB] Running 'C:\Users\AMAR-G\AppData\Local\Android\Sdk\platform-tools\adb.exe -P 5037 -s emulator-5554 shell getprop ro.build.version.release'
2021-01-29 05:34:13:293 [ADB] Current device property 'ro.build.version.release': 8.1.0
2021-01-29 05:34:13:295 [AndroidDriver] Using device: emulator-5554
2021-01-29 05:34:13:300 [ADB] Using 'adb.exe' from 'C:\Users\AMAR-G\AppData\Local\Android\Sdk\platform-tools\adb.exe'
2021-01-29 05:34:13:301 [ADB] Running 'C:\Users\AMAR-G\AppData\Local\Android\Sdk\platform-tools\adb.exe -P 5037 start-server'
2021-01-29 05:34:13:405 [ADB] Setting device id to emulator-5554
2021-01-29 05:34:13:407 [ADB] Running 'C:\Users\AMAR-G\AppData\Local\Android\Sdk\platform-tools\adb.exe -P 5037 -s emulator-5554 shell getprop ro.build.version.sdk'
2021-01-29 05:34:13:560 [ADB] Current device property 'ro.build.version.sdk': 27
2021-01-29 05:34:13:561 [ADB] Device API level: 27
2021-01-29 05:34:13:562 [AndroidDriver] No app sent in, not parsing package/activity
2021-01-29 05:34:13:564 [ADB] Running 'C:\Users\AMAR-G\AppData\Local\Android\Sdk\platform-tools\adb.exe -P 5037 -s emulator-5554 wait-for-device'
2021-01-29 05:34:13:671 [ADB] Running 'C:\Users\AMAR-G\AppData\Local\Android\Sdk\platform-tools\adb.exe -P 5037 -s emulator-5554 shell echo ping'
2021-01-29 05:34:13:795 [AndroidDriver] Pushing settings apk to device...
2021-01-29 05:34:13:798 [ADB] Getting install status for io.appium.settings
2021-01-29 05:34:13:799 [ADB] Running 'C:\Users\AMAR-G\AppData\Local\Android\Sdk\platform-tools\adb.exe -P 5037 -s emulator-5554 shell dumpsys package io.appium.settings'
2021-01-29 05:34:13:961 [ADB] 'io.appium.settings' is installed
2021-01-29 05:34:13:963 [ADB] Getting package info for 'io.appium.settings'
2021-01-29 05:34:13:964 [ADB] Running 'C:\Users\AMAR-G\AppData\Local\Android\Sdk\platform-tools\adb.exe -P 5037 -s emulator-5554 shell dumpsys package io.appium.settings'
2021-01-29 05:34:14:188 [ADB] The version name of the installed 'io.appium.settings' is greater or equal to the application version name ('3.2.0' >= '3.2.0')
2021-01-29 05:34:14:189 [ADB] There is no need to install/upgrade 'C:\Users\AMAR-G\AppData\Roaming\npm\node_modules\appium\node_modules\io.appium.settings\apks\settings_apk-debug.apk'
2021-01-29 05:34:14:191 [ADB] Getting IDs of all 'io.appium.settings' processes
2021-01-29 05:34:14:192 [ADB] Running 'C:\Users\AMAR-G\AppData\Local\Android\Sdk\platform-tools\adb.exe -P 5037 -s emulator-5554 shell 'pgrep --help; echo $?''
2021-01-29 05:34:14:364 [ADB] Running 'C:\Users\AMAR-G\AppData\Local\Android\Sdk\platform-tools\adb.exe -P 5037 -s emulator-5554 shell pgrep -f io\\.appium\\.settings'
2021-01-29 05:34:14:559 [AndroidDriver] io.appium.settings is already running. There is no need to reset its permissions.
2021-01-29 05:34:14:563 [Logcat] Starting logs capture with command: C:\\Users\\AMAR-G\\AppData\\Local\\Android\\Sdk\\platform-tools\\adb.exe -P 5037 -s emulator-5554 logcat -v threadtime
2021-01-29 05:34:15:116 [UiAutomator2] Forwarding UiAutomator2 Server port 6790 to 8200
2021-01-29 05:34:15:117 [ADB] Forwarding system: 8200 to device: 6790
2021-01-29 05:34:15:118 [ADB] Running 'C:\Users\AMAR-G\AppData\Local\Android\Sdk\platform-tools\adb.exe -P 5037 -s emulator-5554 forward tcp\:8200 tcp\:6790'
2021-01-29 05:34:15:342 [ADB] Getting install status for io.appium.uiautomator2.server
2021-01-29 05:34:15:345 [ADB] Running 'C:\Users\AMAR-G\AppData\Local\Android\Sdk\platform-tools\adb.exe -P 5037 -s emulator-5554 shell dumpsys package io.appium.uiautomator2.server'
2021-01-29 05:34:15:706 [ADB] 'io.appium.uiautomator2.server' is installed
2021-01-29 05:34:15:708 [ADB] Getting package info for 'io.appium.uiautomator2.server'
2021-01-29 05:34:15:709 [ADB] Running 'C:\Users\AMAR-G\AppData\Local\Android\Sdk\platform-tools\adb.exe -P 5037 -s emulator-5554 shell dumpsys package io.appium.uiautomator2.server'
2021-01-29 05:34:16:050 [ADB] The version name of the installed 'io.appium.uiautomator2.server' is greater or equal to the application version name ('4.12.2' >= '4.12.2')
2021-01-29 05:34:16:051 [UiAutomator2] io.appium.uiautomator2.server installation state: sameVersionInstalled
2021-01-29 05:34:16:053 [ADB] Checking app cert for C:\Users\AMAR-G\AppData\Roaming\npm\node_modules\appium\node_modules\appium-uiautomator2-server\apks\appium-uiautomator2-server-v4.12.2.apk
2021-01-29 05:34:16:064 [ADB] Using 'apksigner.jar' from 'C:\Users\AMAR-G\AppData\Local\Android\Sdk\build-tools\29.0.3\lib\apksigner.jar'
2021-01-29 05:34:16:068 [ADB] Starting apksigner: 'C:\\Program Files\\Java\\jdk1.8.0_172\\bin\\java.exe' -Xmx1024M -Xss1m -jar C:\\Users\\AMAR-G\\AppData\\Local\\Android\\Sdk\\build-tools\\29.0.3\\lib\\apksigner.jar verify --print-certs C:\\Users\\AMAR-G\\AppData\\Roaming\\npm\\node_modules\\appium\\node_modules\\appium-uiautomator2-server\\apks\\appium-uiautomator2-server-v4.12.2.apk
2021-01-29 05:34:19:395 [ADB] apksigner stdout: Signer #1 certificate DN: EMAILADDRESS=android@android.com, CN=Android, OU=Android, O=Android, L=Mountain View, ST=California, C=US
2021-01-29 05:34:19:396 [ADB] Signer #1 certificate SHA-256 digest: a40da80a59d170caa950cf15c18c454d47a39b26989d8b640ecd745ba71bf5dc
2021-01-29 05:34:19:397 [ADB] Signer #1 certificate SHA-1 digest: 61ed377e85d386a8dfee6b864bd85b0bfaa5af81
2021-01-29 05:34:19:398 [ADB] Signer #1 certificate MD5 digest: e89b158e4bcf988ebd09eb83f5378e87
2021-01-29 05:34:19:399 [ADB] 
2021-01-29 05:34:19:400 [ADB] 'C:\Users\AMAR-G\AppData\Roaming\npm\node_modules\appium\node_modules\appium-uiautomator2-server\apks\appium-uiautomator2-server-v4.12.2.apk' is signed with the default certificate
2021-01-29 05:34:19:401 [ADB] Getting install status for io.appium.uiautomator2.server.test
2021-01-29 05:34:19:402 [ADB] Running 'C:\Users\AMAR-G\AppData\Local\Android\Sdk\platform-tools\adb.exe -P 5037 -s emulator-5554 shell dumpsys package io.appium.uiautomator2.server.test'
2021-01-29 05:34:19:634 [ADB] 'io.appium.uiautomator2.server.test' is installed
2021-01-29 05:34:19:635 [ADB] Checking app cert for C:\Users\AMAR-G\AppData\Roaming\npm\node_modules\appium\node_modules\appium-uiautomator2-server\apks\appium-uiautomator2-server-debug-androidTest.apk
2021-01-29 05:34:19:637 [ADB] Starting apksigner: 'C:\\Program Files\\Java\\jdk1.8.0_172\\bin\\java.exe' -Xmx1024M -Xss1m -jar C:\\Users\\AMAR-G\\AppData\\Local\\Android\\Sdk\\build-tools\\29.0.3\\lib\\apksigner.jar verify --print-certs C:\\Users\\AMAR-G\\AppData\\Roaming\\npm\\node_modules\\appium\\node_modules\\appium-uiautomator2-server\\apks\\appium-uiautomator2-server-debug-androidTest.apk
2021-01-29 05:34:21:044 [ADB] apksigner stdout: Signer #1 certificate DN: EMAILADDRESS=android@android.com, CN=Android, OU=Android, O=Android, L=Mountain View, ST=California, C=US
2021-01-29 05:34:21:045 [ADB] Signer #1 certificate SHA-256 digest: a40da80a59d170caa950cf15c18c454d47a39b26989d8b640ecd745ba71bf5dc
2021-01-29 05:34:21:046 [ADB] Signer #1 certificate SHA-1 digest: 61ed377e85d386a8dfee6b864bd85b0bfaa5af81
2021-01-29 05:34:21:046 [ADB] Signer #1 certificate MD5 digest: e89b158e4bcf988ebd09eb83f5378e87
2021-01-29 05:34:21:047 [ADB] 
2021-01-29 05:34:21:048 [ADB] 'C:\Users\AMAR-G\AppData\Roaming\npm\node_modules\appium\node_modules\appium-uiautomator2-server\apks\appium-uiautomator2-server-debug-androidTest.apk' is signed with the default certificate
2021-01-29 05:34:21:049 [UiAutomator2] Server packages are not going to be (re)installed
2021-01-29 05:34:21:057 [UiAutomator2] Waiting up to 30000ms for services to be available
2021-01-29 05:34:21:059 [ADB] Running 'C:\Users\AMAR-G\AppData\Local\Android\Sdk\platform-tools\adb.exe -P 5037 -s emulator-5554 shell pm list instrumentation'
2021-01-29 05:34:22:070 [UiAutomator2] Instrumentation target 'io.appium.uiautomator2.server.test/androidx.test.runner.AndroidJUnitRunner' is available
2021-01-29 05:34:22:072 [UiAutomator2] No app capability. Assuming it is already on the device
2021-01-29 05:34:22:074 [ADB] Getting install status for com.mosl.mobile.dev
2021-01-29 05:34:22:075 [ADB] Running 'C:\Users\AMAR-G\AppData\Local\Android\Sdk\platform-tools\adb.exe -P 5037 -s emulator-5554 shell dumpsys package com.mosl.mobile.dev'
2021-01-29 05:34:22:249 [ADB] 'com.mosl.mobile.dev' is installed
2021-01-29 05:34:22:250 [ADB] Running 'C:\Users\AMAR-G\AppData\Local\Android\Sdk\platform-tools\adb.exe -P 5037 -s emulator-5554 shell am force-stop com.mosl.mobile.dev'
2021-01-29 05:34:22:475 [ADB] Running 'C:\Users\AMAR-G\AppData\Local\Android\Sdk\platform-tools\adb.exe -P 5037 -s emulator-5554 shell pm clear com.mosl.mobile.dev'
2021-01-29 05:34:23:725 [ADB] Running 'C:\Users\AMAR-G\AppData\Local\Android\Sdk\platform-tools\adb.exe -P 5037 -s emulator-5554 shell dumpsys package com.mosl.mobile.dev'
2021-01-29 05:34:23:994 [ADB] Retrieving requested permissions
2021-01-29 05:34:24:009 [ADB] Retrieved 23 permissions from requested group
2021-01-29 05:34:24:011 [ADB] Retrieving granted permissions
2021-01-29 05:34:24:013 [ADB] Retrieved 8 permissions from install,runtime groups
2021-01-29 05:34:24:015 [ADB] Granting permissions ["android.permission.READ_EXTERNAL_STORAGE","android.permission.WRITE_EXTERNAL_STORAGE","android.permission.CAMERA","android.permission.READ_CONTACTS","android.finsky.permission.BIND_GET_INSTALL_REFERRER_SERVICE","android.permission.FOREGROUND_SERVICE","android.permission.READ_PHONE_STATE"] to 'com.mosl.mobile.dev'
2021-01-29 05:34:24:016 [ADB] Got the following command chunks to execute: [["pm","grant","com.mosl.mobile.dev","android.permission.READ_EXTERNAL_STORAGE",";","pm","grant","com.mosl.mobile.dev","android.permission.WRITE_EXTERNAL_STORAGE",";","pm","grant","com.mosl.mobile.dev","android.permission.CAMERA",";","pm","grant","com.mosl.mobile.dev","android.permission.READ_CONTACTS",";","pm","grant","com.mosl.mobile.dev","android.finsky.permission.BIND_GET_INSTALL_REFERRER_SERVICE",";","pm","grant","com.mosl.mobile.dev","android.permission.FOREGROUND_SERVICE",";","pm","grant","com.mosl.mobile.dev","android.permission.READ_PHONE_STATE",";"]]
2021-01-29 05:34:24:017 [ADB] Running 'C:\Users\AMAR-G\AppData\Local\Android\Sdk\platform-tools\adb.exe -P 5037 -s emulator-5554 shell pm grant com.mosl.mobile.dev android.permission.READ_EXTERNAL_STORAGE \; pm grant com.mosl.mobile.dev android.permission.WRITE_EXTERNAL_STORAGE \; pm grant com.mosl.mobile.dev android.permission.CAMERA \; pm grant com.mosl.mobile.dev android.permission.READ_CONTACTS \; pm grant com.mosl.mobile.dev android.finsky.permission.BIND_GET_INSTALL_REFERRER_SERVICE \; pm grant com.mosl.mobile.dev android.permission.FOREGROUND_SERVICE \; pm grant com.mosl.mobile.dev android.permission.READ_PHONE_STATE \;'
2021-01-29 05:34:30:543 [AndroidDriver] Performed fast reset on the installed 'com.mosl.mobile.dev' application (stop and clear)
2021-01-29 05:34:30:545 [UiAutomator2] Performing shallow cleanup of automation leftovers
2021-01-29 05:34:30:571 [UiAutomator2] No obsolete sessions have been detected (socket hang up)
2021-01-29 05:34:30:571 [ADB] Running 'C:\Users\AMAR-G\AppData\Local\Android\Sdk\platform-tools\adb.exe -P 5037 -s emulator-5554 shell am force-stop io.appium.uiautomator2.server.test'
2021-01-29 05:34:30:777 [UiAutomator2] Starting UIAutomator2 server 4.12.2
2021-01-29 05:34:30:778 [UiAutomator2] Using UIAutomator2 server from 'C:\Users\AMAR-G\AppData\Roaming\npm\node_modules\appium\node_modules\appium-uiautomator2-server\apks\appium-uiautomator2-server-v4.12.2.apk' and test from 'C:\Users\AMAR-G\AppData\Roaming\npm\node_modules\appium\node_modules\appium-uiautomator2-server\apks\appium-uiautomator2-server-debug-androidTest.apk'
2021-01-29 05:34:30:779 [UiAutomator2] Waiting up to 30000ms for UiAutomator2 to be online...
2021-01-29 05:34:30:781 [ADB] Creating ADB subprocess with args: ["-P",5037,"-s","emulator-5554","shell","am","instrument","-w","io.appium.uiautomator2.server.test/androidx.test.runner.AndroidJUnitRunner"]
2021-01-29 05:34:31:832 [WD Proxy] Matched '/status' to command name 'getStatus'
2021-01-29 05:34:31:836 [WD Proxy] Proxying [GET /status] to [GET http://127.0.0.1:8200/wd/hub/status] with no body
2021-01-29 05:34:31:850 [WD Proxy] socket hang up
2021-01-29 05:34:32:854 [WD Proxy] Matched '/status' to command name 'getStatus'
2021-01-29 05:34:32:855 [WD Proxy] Proxying [GET /status] to [GET http://127.0.0.1:8200/wd/hub/status] with no body
2021-01-29 05:34:32:863 [WD Proxy] socket hang up
2021-01-29 05:34:33:474 [Instrumentation] io.appium.uiautomator2.server.test.AppiumUiAutomator2Server:
2021-01-29 05:34:33:866 [WD Proxy] Matched '/status' to command name 'getStatus'
2021-01-29 05:34:33:867 [WD Proxy] Proxying [GET /status] to [GET http://127.0.0.1:8200/wd/hub/status] with no body
2021-01-29 05:34:33:875 [WD Proxy] socket hang up
2021-01-29 05:34:34:877 [WD Proxy] Matched '/status' to command name 'getStatus'
2021-01-29 05:34:34:878 [WD Proxy] Proxying [GET /status] to [GET http://127.0.0.1:8200/wd/hub/status] with no body
2021-01-29 05:34:34:886 [WD Proxy] socket hang up
2021-01-29 05:34:35:887 [WD Proxy] Matched '/status' to command name 'getStatus'
2021-01-29 05:34:35:888 [WD Proxy] Proxying [GET /status] to [GET http://127.0.0.1:8200/wd/hub/status] with no body
2021-01-29 05:34:36:273 [WD Proxy] Got response with status 200: {"sessionId":"None","value":{"message":"UiAutomator2 Server is ready to accept commands","ready":true}}
2021-01-29 05:34:36:275 [UiAutomator2] The initialization of the instrumentation process took 5496ms
2021-01-29 05:34:36:276 [WD Proxy] Matched '/session' to command name 'createSession'
2021-01-29 05:34:36:277 [WD Proxy] Proxying [POST /session] to [POST http://127.0.0.1:8200/wd/hub/session] with body: {"capabilities":{"firstMatch":[{"platform":"LINUX","webStorageEnabled":false,"takesScreenshot":true,"javascriptEnabled":true,"databaseEnabled":false,"networkConnectionEnabled":true,"locationContextEnabled":false,"warnings":{},"desired":{"platformName":"android","UDID":"emulator-5554","appActivity":"com.mosl.mobile.splash.SplashActivity","appPackage":"com.mosl.mobile.dev","appWaitDuration":180000,"autoAcceptAlerts":true,"autoGrantPermissions":true,"automationName":"uiautomator2","deviceName":"Android Emulator","fullReset":false,"noReset":false,"platformVersion":"8.1.0"},"platformName":"android","UDID":"emulator-5554","appActivity":"com.mosl.mobile.splash.SplashActivity","appPackage":"com.mosl.mobile.dev","appWaitDuration":180000,"autoAcceptAlerts":true,"autoGrantPermissions":true,"automationName":"uiautomator2","deviceName":"emulator-5554","fullReset":false,"noReset":false,"platformVersion":"8.1.0","deviceUDID":"emulator-5554"}],"alwaysMatch":{}}}
2021-01-29 05:34:36:404 [WD Proxy] Got response with status 200: {"sessionId":"c9fcadbc-ebf4-471a-b57b-7c69c1d694da","value":{"capabilities":{"firstMatch":[{"platform":"LINUX","webStorageEnabled":false,"takesScreenshot":true,"javascriptEnabled":true,"databaseEnabled":false,"networkConnectionEnabled":true,"locationContextEnabled":false,"warnings":{},"desired":{"platformName":"android","UDID":"emulator-5554","appActivity":"com.mosl.mobile.splash.SplashActivity","appPackage":"com.mosl.mobile.dev","appWaitDuration":180000,"autoAcceptAlerts":true,"autoGrantPermissions":true,"automationName":"uiautomator2","deviceName":"Android Emulator","fullReset":false,"noReset":false,"platformVersion":"8.1.0"},"platformName":"android","UDID":"emulator-5554","appActivity":"com.mosl.mobile.splash.SplashActivity","appPackage":"com.mosl.mobile.dev","appWaitDuration":180000,"autoAcceptAlerts":true,"autoGrantPermissions":true,"automationName":"uiautomator2","deviceName":"emulator-5554","fullReset":false,"noReset":false,"platformVersion":"8.1.0","deviceUDID":"emulator-5554"}],"alwaysMatch":{}},"...
2021-01-29 05:34:36:405 [WD Proxy] Determined the downstream protocol as 'W3C'
2021-01-29 05:34:36:432 [WD Proxy] Proxying [GET /appium/device/info] to [GET http://127.0.0.1:8200/wd/hub/session/c9fcadbc-ebf4-471a-b57b-7c69c1d694da/appium/device/info] with no body
2021-01-29 05:34:36:740 [WD Proxy] Got response with status 200: {"sessionId":"c9fcadbc-ebf4-471a-b57b-7c69c1d694da","value":{"androidId":"d49f704b39ba5cab","apiVersion":"27","bluetooth":null,"brand":"google","carrierName":"Android","displayDensity":560,"locale":"en_US","manufacturer":"Google","model":"Android SDK built for x86","networks":[{"capabilities":{"SSID":null,"linkDownBandwidthKbps":102400,"linkUpstreamBandwidthKbps":51200,"networkCapabilities":"NET_CAPABILITY_MMS,NET_CAPABILITY_SUPL,NET_CAPABILITY_DUN,NET_CAPABILITY_FOTA,NET_CAPABILITY_IMS,NET_CAPABILITY_CBS,NET_CAPABILITY_IA,NET_CAPABILITY_INTERNET,NET_CAPABILITY_NOT_RESTRICTED,NET_CAPABILITY_TRUSTED,NET_CAPABILITY_NOT_VPN,NET_CAPABILITY_VALIDATED","signalStrength":-2147483648,"transportTypes":"TRANSPORT_CELLULAR"},"detailedState":"CONNECTED","extraInfo":"epc.tmobile.com","isAvailable":true,"isConnected":true,"isFailover":false,"isRoaming":false,"state":"CONNECTED","subtype":13,"subtypeName":"LTE","type":0,"typeName":"MOBILE"},{"capabilities":{"SSID":null,"linkDownBandwidthKbps":1048576,"linkUpstreamBandwidt...
2021-01-29 05:34:36:742 [ADB] Running 'C:\Users\AMAR-G\AppData\Local\Android\Sdk\platform-tools\adb.exe -P 5037 -s emulator-5554 shell dumpsys window'
2021-01-29 05:34:36:922 [AndroidDriver] Screen already unlocked, doing nothing
2021-01-29 05:34:36:924 [UiAutomator2] Starting 'com.mosl.mobile.dev/com.mosl.mobile.splash.SplashActivity and waiting for 'com.mosl.mobile.dev/com.mosl.mobile.splash.SplashActivity'
2021-01-29 05:34:36:926 [ADB] Running 'C:\Users\AMAR-G\AppData\Local\Android\Sdk\platform-tools\adb.exe -P 5037 -s emulator-5554 shell am start -W -n com.mosl.mobile.dev/com.mosl.mobile.splash.SplashActivity -S -a android.intent.action.MAIN -c android.intent.category.LAUNCHER -f 0x10200000'
2021-01-29 05:34:43:100 [WD Proxy] Proxying [GET /appium/device/pixel_ratio] to [GET http://127.0.0.1:8200/wd/hub/session/c9fcadbc-ebf4-471a-b57b-7c69c1d694da/appium/device/pixel_ratio] with no body
2021-01-29 05:34:43:222 [WD Proxy] Got response with status 200: {"sessionId":"c9fcadbc-ebf4-471a-b57b-7c69c1d694da","value":3.5}
2021-01-29 05:34:43:232 [WD Proxy] Matched '/appium/device/system_bars' to command name 'getSystemBars'
2021-01-29 05:34:43:234 [WD Proxy] Proxying [GET /appium/device/system_bars] to [GET http://127.0.0.1:8200/wd/hub/session/c9fcadbc-ebf4-471a-b57b-7c69c1d694da/appium/device/system_bars] with no body
2021-01-29 05:34:43:419 [WD Proxy] Got response with status 200: {"sessionId":"c9fcadbc-ebf4-471a-b57b-7c69c1d694da","value":{"statusBar":84}}
2021-01-29 05:34:43:427 [WD Proxy] Matched '/window/current/size' to command name 'getWindowSize'
2021-01-29 05:34:43:430 [WD Proxy] Proxying [GET /window/current/size] to [GET http://127.0.0.1:8200/wd/hub/session/c9fcadbc-ebf4-471a-b57b-7c69c1d694da/window/current/size] with no body
2021-01-29 05:34:43:529 [WD Proxy] Got response with status 200: {"sessionId":"c9fcadbc-ebf4-471a-b57b-7c69c1d694da","value":{"height":2392,"width":1440}}
2021-01-29 05:34:43:533 [Appium] New AndroidUiautomator2Driver session created successfully, session 7a0a8deb-1872-4014-92c2-db61d370c3cc added to master session list
2021-01-29 05:34:43:536 [BaseDriver] Event 'newSessionStarted' logged at 1611898483535 (11:04:43 GMT+0530 (India Standard Time))
2021-01-29 05:34:43:538 [W3C (7a0a8deb)] Cached the protocol value 'W3C' for the new session 7a0a8deb-1872-4014-92c2-db61d370c3cc
2021-01-29 05:34:43:541 [W3C (7a0a8deb)] Responding to client with driver.createSession() result: {"capabilities":{"platform":"LINUX","webStorageEnabled":false,"takesScreenshot":true,"javascriptEnabled":true,"databaseEnabled":false,"networkConnectionEnabled":true,"locationContextEnabled":false,"warnings":{},"desired":{"platformName":"android","UDID":"emulator-5554","appActivity":"com.mosl.mobile.splash.SplashActivity","appPackage":"com.mosl.mobile.dev","appWaitDuration":180000,"autoAcceptAlerts":true,"autoGrantPermissions":true,"automationName":"uiautomator2","deviceName":"Android Emulator","fullReset":false,"noReset":false,"platformVersion":"8.1.0"},"platformName":"android","UDID":"emulator-5554","appActivity":"com.mosl.mobile.splash.SplashActivity","appPackage":"com.mosl.mobile.dev","appWaitDuration":180000,"autoAcceptAlerts":true,"autoGrantPermissions":true,"automationName":"uiautomator2","deviceName":"emulator-5554","fullReset":false,"noReset":false,"platformVersion":"8.1.0","deviceUDID":"emulator-5554","deviceApiLevel":27,"deviceScreenSize":"1440x2560","deviceScreenDensity":560,"deviceModel":"Andr...
2021-01-29 05:34:43:550 [HTTP] <-- POST /wd/hub/session 200 31771 ms - 1234
2021-01-29 05:34:43:551 [HTTP] 
2021-01-29 05:34:43:976 [HTTP] --> POST /wd/hub/session/7a0a8deb-1872-4014-92c2-db61d370c3cc/timeouts
2021-01-29 05:34:43:978 [HTTP] {"implicit":10000}
2021-01-29 05:34:43:990 [W3C (7a0a8deb)] Calling AppiumDriver.timeouts() with args: [null,null,null,null,10000,"7a0a8deb-1872-4014-92c2-db61d370c3cc"]
2021-01-29 05:34:43:994 [BaseDriver] W3C timeout argument: {"implicit":10000}}
2021-01-29 05:34:43:997 [BaseDriver] Set implicit wait to 10000ms
2021-01-29 05:34:43:999 [W3C (7a0a8deb)] Responding to client with driver.timeouts() result: null
2021-01-29 05:34:44:010 [HTTP] <-- POST /wd/hub/session/7a0a8deb-1872-4014-92c2-db61d370c3cc/timeouts 200 25 ms - 14
2021-01-29 05:34:44:011 [HTTP] 
2021-01-29 05:34:45:791 [HTTP] --> GET /wd/hub/session/7a0a8deb-1872-4014-92c2-db61d370c3cc/context
2021-01-29 05:34:45:794 [HTTP] {}
2021-01-29 05:34:45:824 [W3C (7a0a8deb)] Calling AppiumDriver.getCurrentContext() with args: ["7a0a8deb-1872-4014-92c2-db61d370c3cc"]
2021-01-29 05:34:45:827 [W3C (7a0a8deb)] Responding to client with driver.getCurrentContext() result: "NATIVE_APP"
2021-01-29 05:34:45:833 [HTTP] <-- GET /wd/hub/session/7a0a8deb-1872-4014-92c2-db61d370c3cc/context 200 39 ms - 22
2021-01-29 05:34:45:838 [HTTP] 
2021-01-29 05:34:45:913 [HTTP] --> POST /wd/hub/session/7a0a8deb-1872-4014-92c2-db61d370c3cc/element
2021-01-29 05:34:45:914 [HTTP] {"using":"id","value":"com.mosl.mobile.dev:id/skip"}
2021-01-29 05:34:45:916 [W3C (7a0a8deb)] Calling AppiumDriver.findElement() with args: ["id","com.mosl.mobile.dev:id/skip","7a0a8deb-1872-4014-92c2-db61d370c3cc"]
2021-01-29 05:34:45:919 [BaseDriver] Valid locator strategies for this request: xpath, id, class name, accessibility id, -android uiautomator
2021-01-29 05:34:45:921 [BaseDriver] Waiting up to 10000 ms for condition
2021-01-29 05:34:45:923 [WD Proxy] Matched '/element' to command name 'findElement'
2021-01-29 05:34:45:925 [WD Proxy] Proxying [POST /element] to [POST http://127.0.0.1:8200/wd/hub/session/c9fcadbc-ebf4-471a-b57b-7c69c1d694da/element] with body: {"strategy":"id","selector":"com.mosl.mobile.dev:id/skip","context":"","multiple":false}
2021-01-29 05:34:46:435 [WD Proxy] Got response with status 404: {"sessionId":"c9fcadbc-ebf4-471a-b57b-7c69c1d694da","value":{"error":"no such element","message":"An element could not be located on the page using the given search parameters","stacktrace":"io.appium.uiautomator2.common.exceptions.ElementNotFoundException: An element could not be located on the page using the given search parameters\n\tat io.appium.uiautomator2.handler.FindElement.safeHandle(FindElement.java:73)\n\tat io.appium.uiautomator2.handler.request.SafeRequestHandler.handle(SafeRequestHandler.java:41)\n\tat io.appium.uiautomator2.server.AppiumServlet.handleRequest(AppiumServlet.java:253)\n\tat io.appium.uiautomator2.server.AppiumServlet.handleHttpRequest(AppiumServlet.java:247)\n\tat io.appium.uiautomator2.http.ServerHandler.channelRead(ServerHandler.java:68)\n\tat io.netty.channel.AbstractChannelHandlerContext.invokeChannelRead(AbstractChannelHandlerContext.java:366)\n\tat io.netty.channel.AbstractChannelHandlerContext.invokeChannelRead(AbstractChannelHandlerContext.java:352)\n\tat io.netty.chann...
2021-01-29 05:34:46:437 [W3C] Matched W3C error code 'no such element' to NoSuchElementError
2021-01-29 05:34:46:442 [BaseDriver] Waited for 520 ms so far
2021-01-29 05:34:46:945 [WD Proxy] Matched '/element' to command name 'findElement'
2021-01-29 05:34:46:947 [WD Proxy] Proxying [POST /element] to [POST http://127.0.0.1:8200/wd/hub/session/c9fcadbc-ebf4-471a-b57b-7c69c1d694da/element] with body: {"strategy":"id","selector":"com.mosl.mobile.dev:id/skip","context":"","multiple":false}
2021-01-29 05:34:47:141 [WD Proxy] Got response with status 404: {"sessionId":"c9fcadbc-ebf4-471a-b57b-7c69c1d694da","value":{"error":"no such element","message":"An element could not be located on the page using the given search parameters","stacktrace":"io.appium.uiautomator2.common.exceptions.ElementNotFoundException: An element could not be located on the page using the given search parameters\n\tat io.appium.uiautomator2.handler.FindElement.safeHandle(FindElement.java:73)\n\tat io.appium.uiautomator2.handler.request.SafeRequestHandler.handle(SafeRequestHandler.java:41)\n\tat io.appium.uiautomator2.server.AppiumServlet.handleRequest(AppiumServlet.java:253)\n\tat io.appium.uiautomator2.server.AppiumServlet.handleHttpRequest(AppiumServlet.java:247)\n\tat io.appium.uiautomator2.http.ServerHandler.channelRead(ServerHandler.java:68)\n\tat io.netty.channel.AbstractChannelHandlerContext.invokeChannelRead(AbstractChannelHandlerContext.java:366)\n\tat io.netty.channel.AbstractChannelHandlerContext.invokeChannelRead(AbstractChannelHandlerContext.java:352)\n\tat io.netty.chann...
2021-01-29 05:34:47:143 [W3C] Matched W3C error code 'no such element' to NoSuchElementError
2021-01-29 05:34:47:144 [BaseDriver] Waited for 1222 ms so far
2021-01-29 05:34:47:650 [WD Proxy] Matched '/element' to command name 'findElement'
2021-01-29 05:34:47:652 [WD Proxy] Proxying [POST /element] to [POST http://127.0.0.1:8200/wd/hub/session/c9fcadbc-ebf4-471a-b57b-7c69c1d694da/element] with body: {"strategy":"id","selector":"com.mosl.mobile.dev:id/skip","context":"","multiple":false}
2021-01-29 05:34:47:883 [WD Proxy] Got response with status 404: {"sessionId":"c9fcadbc-ebf4-471a-b57b-7c69c1d694da","value":{"error":"no such element","message":"An element could not be located on the page using the given search parameters","stacktrace":"io.appium.uiautomator2.common.exceptions.ElementNotFoundException: An element could not be located on the page using the given search parameters\n\tat io.appium.uiautomator2.handler.FindElement.safeHandle(FindElement.java:73)\n\tat io.appium.uiautomator2.handler.request.SafeRequestHandler.handle(SafeRequestHandler.java:41)\n\tat io.appium.uiautomator2.server.AppiumServlet.handleRequest(AppiumServlet.java:253)\n\tat io.appium.uiautomator2.server.AppiumServlet.handleHttpRequest(AppiumServlet.java:247)\n\tat io.appium.uiautomator2.http.ServerHandler.channelRead(ServerHandler.java:68)\n\tat io.netty.channel.AbstractChannelHandlerContext.invokeChannelRead(AbstractChannelHandlerContext.java:366)\n\tat io.netty.channel.AbstractChannelHandlerContext.invokeChannelRead(AbstractChannelHandlerContext.java:352)\n\tat io.netty.chann...
2021-01-29 05:34:47:885 [W3C] Matched W3C error code 'no such element' to NoSuchElementError
2021-01-29 05:34:47:886 [BaseDriver] Waited for 1964 ms so far
2021-01-29 05:34:48:388 [WD Proxy] Matched '/element' to command name 'findElement'
2021-01-29 05:34:48:390 [WD Proxy] Proxying [POST /element] to [POST http://127.0.0.1:8200/wd/hub/session/c9fcadbc-ebf4-471a-b57b-7c69c1d694da/element] with body: {"strategy":"id","selector":"com.mosl.mobile.dev:id/skip","context":"","multiple":false}
2021-01-29 05:34:48:636 [WD Proxy] Got response with status 404: {"sessionId":"c9fcadbc-ebf4-471a-b57b-7c69c1d694da","value":{"error":"no such element","message":"An element could not be located on the page using the given search parameters","stacktrace":"io.appium.uiautomator2.common.exceptions.ElementNotFoundException: An element could not be located on the page using the given search parameters\n\tat io.appium.uiautomator2.handler.FindElement.safeHandle(FindElement.java:73)\n\tat io.appium.uiautomator2.handler.request.SafeRequestHandler.handle(SafeRequestHandler.java:41)\n\tat io.appium.uiautomator2.server.AppiumServlet.handleRequest(AppiumServlet.java:253)\n\tat io.appium.uiautomator2.server.AppiumServlet.handleHttpRequest(AppiumServlet.java:247)\n\tat io.appium.uiautomator2.http.ServerHandler.channelRead(ServerHandler.java:68)\n\tat io.netty.channel.AbstractChannelHandlerContext.invokeChannelRead(AbstractChannelHandlerContext.java:366)\n\tat io.netty.channel.AbstractChannelHandlerContext.invokeChannelRead(AbstractChannelHandlerContext.java:352)\n\tat io.netty.chann...
2021-01-29 05:34:48:637 [W3C] Matched W3C error code 'no such element' to NoSuchElementError
2021-01-29 05:34:48:640 [BaseDriver] Waited for 2719 ms so far
2021-01-29 05:34:49:144 [WD Proxy] Matched '/element' to command name 'findElement'
2021-01-29 05:34:49:146 [WD Proxy] Proxying [POST /element] to [POST http://127.0.0.1:8200/wd/hub/session/c9fcadbc-ebf4-471a-b57b-7c69c1d694da/element] with body: {"strategy":"id","selector":"com.mosl.mobile.dev:id/skip","context":"","multiple":false}
2021-01-29 05:34:49:407 [WD Proxy] Got response with status 404: {"sessionId":"c9fcadbc-ebf4-471a-b57b-7c69c1d694da","value":{"error":"no such element","message":"An element could not be located on the page using the given search parameters","stacktrace":"io.appium.uiautomator2.common.exceptions.ElementNotFoundException: An element could not be located on the page using the given search parameters\n\tat io.appium.uiautomator2.handler.FindElement.safeHandle(FindElement.java:73)\n\tat io.appium.uiautomator2.handler.request.SafeRequestHandler.handle(SafeRequestHandler.java:41)\n\tat io.appium.uiautomator2.server.AppiumServlet.handleRequest(AppiumServlet.java:253)\n\tat io.appium.uiautomator2.server.AppiumServlet.handleHttpRequest(AppiumServlet.java:247)\n\tat io.appium.uiautomator2.http.ServerHandler.channelRead(ServerHandler.java:68)\n\tat io.netty.channel.AbstractChannelHandlerContext.invokeChannelRead(AbstractChannelHandlerContext.java:366)\n\tat io.netty.channel.AbstractChannelHandlerContext.invokeChannelRead(AbstractChannelHandlerContext.java:352)\n\tat io.netty.chann...
2021-01-29 05:34:49:409 [W3C] Matched W3C error code 'no such element' to NoSuchElementError
2021-01-29 05:34:49:412 [BaseDriver] Waited for 3490 ms so far
2021-01-29 05:34:49:914 [WD Proxy] Matched '/element' to command name 'findElement'
2021-01-29 05:34:49:915 [WD Proxy] Proxying [POST /element] to [POST http://127.0.0.1:8200/wd/hub/session/c9fcadbc-ebf4-471a-b57b-7c69c1d694da/element] with body: {"strategy":"id","selector":"com.mosl.mobile.dev:id/skip","context":"","multiple":false}
2021-01-29 05:34:50:069 [WD Proxy] Got response with status 404: {"sessionId":"c9fcadbc-ebf4-471a-b57b-7c69c1d694da","value":{"error":"no such element","message":"An element could not be located on the page using the given search parameters","stacktrace":"io.appium.uiautomator2.common.exceptions.ElementNotFoundException: An element could not be located on the page using the given search parameters\n\tat io.appium.uiautomator2.handler.FindElement.safeHandle(FindElement.java:73)\n\tat io.appium.uiautomator2.handler.request.SafeRequestHandler.handle(SafeRequestHandler.java:41)\n\tat io.appium.uiautomator2.server.AppiumServlet.handleRequest(AppiumServlet.java:253)\n\tat io.appium.uiautomator2.server.AppiumServlet.handleHttpRequest(AppiumServlet.java:247)\n\tat io.appium.uiautomator2.http.ServerHandler.channelRead(ServerHandler.java:68)\n\tat io.netty.channel.AbstractChannelHandlerContext.invokeChannelRead(AbstractChannelHandlerContext.java:366)\n\tat io.netty.channel.AbstractChannelHandlerContext.invokeChannelRead(AbstractChannelHandlerContext.java:352)\n\tat io.netty.chann...
2021-01-29 05:34:50:070 [W3C] Matched W3C error code 'no such element' to NoSuchElementError
2021-01-29 05:34:50:071 [BaseDriver] Waited for 4149 ms so far
2021-01-29 05:34:50:572 [WD Proxy] Matched '/element' to command name 'findElement'
2021-01-29 05:34:50:574 [WD Proxy] Proxying [POST /element] to [POST http://127.0.0.1:8200/wd/hub/session/c9fcadbc-ebf4-471a-b57b-7c69c1d694da/element] with body: {"strategy":"id","selector":"com.mosl.mobile.dev:id/skip","context":"","multiple":false}
2021-01-29 05:34:50:765 [WD Proxy] Got response with status 404: {"sessionId":"c9fcadbc-ebf4-471a-b57b-7c69c1d694da","value":{"error":"no such element","message":"An element could not be located on the page using the given search parameters","stacktrace":"io.appium.uiautomator2.common.exceptions.ElementNotFoundException: An element could not be located on the page using the given search parameters\n\tat io.appium.uiautomator2.handler.FindElement.safeHandle(FindElement.java:73)\n\tat io.appium.uiautomator2.handler.request.SafeRequestHandler.handle(SafeRequestHandler.java:41)\n\tat io.appium.uiautomator2.server.AppiumServlet.handleRequest(AppiumServlet.java:253)\n\tat io.appium.uiautomator2.server.AppiumServlet.handleHttpRequest(AppiumServlet.java:247)\n\tat io.appium.uiautomator2.http.ServerHandler.channelRead(ServerHandler.java:68)\n\tat io.netty.channel.AbstractChannelHandlerContext.invokeChannelRead(AbstractChannelHandlerContext.java:366)\n\tat io.netty.channel.AbstractChannelHandlerContext.invokeChannelRead(AbstractChannelHandlerContext.java:352)\n\tat io.netty.chann...
2021-01-29 05:34:50:769 [W3C] Matched W3C error code 'no such element' to NoSuchElementError
2021-01-29 05:34:50:771 [BaseDriver] Waited for 4849 ms so far
2021-01-29 05:34:51:276 [WD Proxy] Matched '/element' to command name 'findElement'
2021-01-29 05:34:51:277 [WD Proxy] Proxying [POST /element] to [POST http://127.0.0.1:8200/wd/hub/session/c9fcadbc-ebf4-471a-b57b-7c69c1d694da/element] with body: {"strategy":"id","selector":"com.mosl.mobile.dev:id/skip","context":"","multiple":false}
2021-01-29 05:34:51:414 [WD Proxy] Got response with status 404: {"sessionId":"c9fcadbc-ebf4-471a-b57b-7c69c1d694da","value":{"error":"no such element","message":"An element could not be located on the page using the given search parameters","stacktrace":"io.appium.uiautomator2.common.exceptions.ElementNotFoundException: An element could not be located on the page using the given search parameters\n\tat io.appium.uiautomator2.handler.FindElement.safeHandle(FindElement.java:73)\n\tat io.appium.uiautomator2.handler.request.SafeRequestHandler.handle(SafeRequestHandler.java:41)\n\tat io.appium.uiautomator2.server.AppiumServlet.handleRequest(AppiumServlet.java:253)\n\tat io.appium.uiautomator2.server.AppiumServlet.handleHttpRequest(AppiumServlet.java:247)\n\tat io.appium.uiautomator2.http.ServerHandler.channelRead(ServerHandler.java:68)\n\tat io.netty.channel.AbstractChannelHandlerContext.invokeChannelRead(AbstractChannelHandlerContext.java:366)\n\tat io.netty.channel.AbstractChannelHandlerContext.invokeChannelRead(AbstractChannelHandlerContext.java:352)\n\tat io.netty.chann...
2021-01-29 05:34:51:418 [W3C] Matched W3C error code 'no such element' to NoSuchElementError
2021-01-29 05:34:51:419 [BaseDriver] Waited for 5498 ms so far
2021-01-29 05:34:51:923 [WD Proxy] Matched '/element' to command name 'findElement'
2021-01-29 05:34:51:924 [WD Proxy] Proxying [POST /element] to [POST http://127.0.0.1:8200/wd/hub/session/c9fcadbc-ebf4-471a-b57b-7c69c1d694da/element] with body: {"strategy":"id","selector":"com.mosl.mobile.dev:id/skip","context":"","multiple":false}
2021-01-29 05:34:52:135 [WD Proxy] Got response with status 404: {"sessionId":"c9fcadbc-ebf4-471a-b57b-7c69c1d694da","value":{"error":"no such element","message":"An element could not be located on the page using the given search parameters","stacktrace":"io.appium.uiautomator2.common.exceptions.ElementNotFoundException: An element could not be located on the page using the given search parameters\n\tat io.appium.uiautomator2.handler.FindElement.safeHandle(FindElement.java:73)\n\tat io.appium.uiautomator2.handler.request.SafeRequestHandler.handle(SafeRequestHandler.java:41)\n\tat io.appium.uiautomator2.server.AppiumServlet.handleRequest(AppiumServlet.java:253)\n\tat io.appium.uiautomator2.server.AppiumServlet.handleHttpRequest(AppiumServlet.java:247)\n\tat io.appium.uiautomator2.http.ServerHandler.channelRead(ServerHandler.java:68)\n\tat io.netty.channel.AbstractChannelHandlerContext.invokeChannelRead(AbstractChannelHandlerContext.java:366)\n\tat io.netty.channel.AbstractChannelHandlerContext.invokeChannelRead(AbstractChannelHandlerContext.java:352)\n\tat io.netty.chann...
2021-01-29 05:34:52:136 [W3C] Matched W3C error code 'no such element' to NoSuchElementError
2021-01-29 05:34:52:137 [BaseDriver] Waited for 6216 ms so far
2021-01-29 05:34:52:641 [WD Proxy] Matched '/element' to command name 'findElement'
2021-01-29 05:34:52:644 [WD Proxy] Proxying [POST /element] to [POST http://127.0.0.1:8200/wd/hub/session/c9fcadbc-ebf4-471a-b57b-7c69c1d694da/element] with body: {"strategy":"id","selector":"com.mosl.mobile.dev:id/skip","context":"","multiple":false}
2021-01-29 05:34:52:827 [WD Proxy] Got response with status 404: {"sessionId":"c9fcadbc-ebf4-471a-b57b-7c69c1d694da","value":{"error":"no such element","message":"An element could not be located on the page using the given search parameters","stacktrace":"io.appium.uiautomator2.common.exceptions.ElementNotFoundException: An element could not be located on the page using the given search parameters\n\tat io.appium.uiautomator2.handler.FindElement.safeHandle(FindElement.java:73)\n\tat io.appium.uiautomator2.handler.request.SafeRequestHandler.handle(SafeRequestHandler.java:41)\n\tat io.appium.uiautomator2.server.AppiumServlet.handleRequest(AppiumServlet.java:253)\n\tat io.appium.uiautomator2.server.AppiumServlet.handleHttpRequest(AppiumServlet.java:247)\n\tat io.appium.uiautomator2.http.ServerHandler.channelRead(ServerHandler.java:68)\n\tat io.netty.channel.AbstractChannelHandlerContext.invokeChannelRead(AbstractChannelHandlerContext.java:366)\n\tat io.netty.channel.AbstractChannelHandlerContext.invokeChannelRead(AbstractChannelHandlerContext.java:352)\n\tat io.netty.chann...
2021-01-29 05:34:52:828 [W3C] Matched W3C error code 'no such element' to NoSuchElementError
2021-01-29 05:34:52:829 [BaseDriver] Waited for 6908 ms so far
2021-01-29 05:34:53:331 [WD Proxy] Matched '/element' to command name 'findElement'
2021-01-29 05:34:53:331 [WD Proxy] Proxying [POST /element] to [POST http://127.0.0.1:8200/wd/hub/session/c9fcadbc-ebf4-471a-b57b-7c69c1d694da/element] with body: {"strategy":"id","selector":"com.mosl.mobile.dev:id/skip","context":"","multiple":false}
2021-01-29 05:34:54:826 [WD Proxy] Got response with status 404: {"sessionId":"c9fcadbc-ebf4-471a-b57b-7c69c1d694da","value":{"error":"no such element","message":"An element could not be located on the page using the given search parameters","stacktrace":"io.appium.uiautomator2.common.exceptions.ElementNotFoundException: An element could not be located on the page using the given search parameters\n\tat io.appium.uiautomator2.handler.FindElement.safeHandle(FindElement.java:73)\n\tat io.appium.uiautomator2.handler.request.SafeRequestHandler.handle(SafeRequestHandler.java:41)\n\tat io.appium.uiautomator2.server.AppiumServlet.handleRequest(AppiumServlet.java:253)\n\tat io.appium.uiautomator2.server.AppiumServlet.handleHttpRequest(AppiumServlet.java:247)\n\tat io.appium.uiautomator2.http.ServerHandler.channelRead(ServerHandler.java:68)\n\tat io.netty.channel.AbstractChannelHandlerContext.invokeChannelRead(AbstractChannelHandlerContext.java:366)\n\tat io.netty.channel.AbstractChannelHandlerContext.invokeChannelRead(AbstractChannelHandlerContext.java:352)\n\tat io.netty.chann...
2021-01-29 05:34:54:829 [W3C] Matched W3C error code 'no such element' to NoSuchElementError
2021-01-29 05:34:54:831 [BaseDriver] Waited for 8910 ms so far
2021-01-29 05:34:55:334 [WD Proxy] Matched '/element' to command name 'findElement'
2021-01-29 05:34:55:335 [WD Proxy] Proxying [POST /element] to [POST http://127.0.0.1:8200/wd/hub/session/c9fcadbc-ebf4-471a-b57b-7c69c1d694da/element] with body: {"strategy":"id","selector":"com.mosl.mobile.dev:id/skip","context":"","multiple":false}
2021-01-29 05:34:55:851 [WD Proxy] Got response with status 200: {"sessionId":"c9fcadbc-ebf4-471a-b57b-7c69c1d694da","value":{"ELEMENT":"cc8f0eb3-37e7-4a86-8819-85a504f32932","element-6066-11e4-a52e-4f735466cecf":"cc8f0eb3-37e7-4a86-8819-85a504f32932"}}
2021-01-29 05:34:55:854 [W3C (7a0a8deb)] Responding to client with driver.findElement() result: {"element-6066-11e4-a52e-4f735466cecf":"cc8f0eb3-37e7-4a86-8819-85a504f32932","ELEMENT":"cc8f0eb3-37e7-4a86-8819-85a504f32932"}
2021-01-29 05:34:55:858 [HTTP] <-- POST /wd/hub/session/7a0a8deb-1872-4014-92c2-db61d370c3cc/element 200 9943 ms - 137
2021-01-29 05:34:55:859 [HTTP] 
2021-01-29 05:34:55:905 [HTTP] --> GET /wd/hub/session/7a0a8deb-1872-4014-92c2-db61d370c3cc/element/cc8f0eb3-37e7-4a86-8819-85a504f32932/displayed
2021-01-29 05:34:55:906 [HTTP] {}
2021-01-29 05:34:55:910 [W3C (7a0a8deb)] Calling AppiumDriver.elementDisplayed() with args: ["cc8f0eb3-37e7-4a86-8819-85a504f32932","7a0a8deb-1872-4014-92c2-db61d370c3cc"]
2021-01-29 05:34:55:914 [WD Proxy] Matched '/element/cc8f0eb3-37e7-4a86-8819-85a504f32932/attribute/displayed' to command name 'getAttribute'
2021-01-29 05:34:55:915 [WD Proxy] Proxying [GET /element/cc8f0eb3-37e7-4a86-8819-85a504f32932/attribute/displayed] to [GET http://127.0.0.1:8200/wd/hub/session/c9fcadbc-ebf4-471a-b57b-7c69c1d694da/element/cc8f0eb3-37e7-4a86-8819-85a504f32932/attribute/displayed] with no body
2021-01-29 05:34:55:979 [WD Proxy] Got response with status 200: {"sessionId":"c9fcadbc-ebf4-471a-b57b-7c69c1d694da","value":"true"}
2021-01-29 05:34:55:981 [W3C (7a0a8deb)] Responding to client with driver.elementDisplayed() result: true
2021-01-29 05:34:55:984 [HTTP] <-- GET /wd/hub/session/7a0a8deb-1872-4014-92c2-db61d370c3cc/element/cc8f0eb3-37e7-4a86-8819-85a504f32932/displayed 200 78 ms - 14
2021-01-29 05:34:55:986 [HTTP] 
2021-01-29 05:34:56:010 [HTTP] --> GET /wd/hub/session/7a0a8deb-1872-4014-92c2-db61d370c3cc/context
2021-01-29 05:34:56:011 [HTTP] {}
2021-01-29 05:34:56:025 [W3C (7a0a8deb)] Calling AppiumDriver.getCurrentContext() with args: ["7a0a8deb-1872-4014-92c2-db61d370c3cc"]
2021-01-29 05:34:56:029 [W3C (7a0a8deb)] Responding to client with driver.getCurrentContext() result: "NATIVE_APP"
2021-01-29 05:34:56:061 [HTTP] <-- GET /wd/hub/session/7a0a8deb-1872-4014-92c2-db61d370c3cc/context 200 22 ms - 22
2021-01-29 05:34:56:062 [HTTP] 
2021-01-29 05:34:56:075 [HTTP] --> POST /wd/hub/session/7a0a8deb-1872-4014-92c2-db61d370c3cc/element
2021-01-29 05:34:56:076 [HTTP] {"using":"id","value":"com.mosl.mobile.dev:id/skip"}
2021-01-29 05:34:56:079 [W3C (7a0a8deb)] Calling AppiumDriver.findElement() with args: ["id","com.mosl.mobile.dev:id/skip","7a0a8deb-1872-4014-92c2-db61d370c3cc"]
2021-01-29 05:34:56:081 [BaseDriver] Valid locator strategies for this request: xpath, id, class name, accessibility id, -android uiautomator
2021-01-29 05:34:56:082 [BaseDriver] Waiting up to 10000 ms for condition
2021-01-29 05:34:56:084 [WD Proxy] Matched '/element' to command name 'findElement'
2021-01-29 05:34:56:085 [WD Proxy] Proxying [POST /element] to [POST http://127.0.0.1:8200/wd/hub/session/c9fcadbc-ebf4-471a-b57b-7c69c1d694da/element] with body: {"strategy":"id","selector":"com.mosl.mobile.dev:id/skip","context":"","multiple":false}
2021-01-29 05:34:56:184 [WD Proxy] Got response with status 200: {"sessionId":"c9fcadbc-ebf4-471a-b57b-7c69c1d694da","value":{"ELEMENT":"3da56920-3f50-43ed-a703-470a50380bf8","element-6066-11e4-a52e-4f735466cecf":"3da56920-3f50-43ed-a703-470a50380bf8"}}
2021-01-29 05:34:56:186 [W3C (7a0a8deb)] Responding to client with driver.findElement() result: {"element-6066-11e4-a52e-4f735466cecf":"3da56920-3f50-43ed-a703-470a50380bf8","ELEMENT":"3da56920-3f50-43ed-a703-470a50380bf8"}
2021-01-29 05:34:56:189 [HTTP] <-- POST /wd/hub/session/7a0a8deb-1872-4014-92c2-db61d370c3cc/element 200 113 ms - 137
2021-01-29 05:34:56:190 [HTTP] 
2021-01-29 05:34:56:245 [HTTP] --> POST /wd/hub/session/7a0a8deb-1872-4014-92c2-db61d370c3cc/element/3da56920-3f50-43ed-a703-470a50380bf8/click
2021-01-29 05:34:56:246 [HTTP] {"id":"3da56920-3f50-43ed-a703-470a50380bf8"}
2021-01-29 05:34:56:247 [W3C (7a0a8deb)] Calling AppiumDriver.click() with args: ["3da56920-3f50-43ed-a703-470a50380bf8","7a0a8deb-1872-4014-92c2-db61d370c3cc"]
2021-01-29 05:34:56:250 [WD Proxy] Matched '/element/3da56920-3f50-43ed-a703-470a50380bf8/click' to command name 'click'
2021-01-29 05:34:56:251 [WD Proxy] Proxying [POST /element/3da56920-3f50-43ed-a703-470a50380bf8/click] to [POST http://127.0.0.1:8200/wd/hub/session/c9fcadbc-ebf4-471a-b57b-7c69c1d694da/element/3da56920-3f50-43ed-a703-470a50380bf8/click] with body: {"element":"3da56920-3f50-43ed-a703-470a50380bf8"}
2021-01-29 05:34:56:327 [WD Proxy] Got response with status 200: {"sessionId":"c9fcadbc-ebf4-471a-b57b-7c69c1d694da","value":null}
2021-01-29 05:34:56:329 [W3C (7a0a8deb)] Responding to client with driver.click() result: null
2021-01-29 05:34:56:332 [HTTP] <-- POST /wd/hub/session/7a0a8deb-1872-4014-92c2-db61d370c3cc/element/3da56920-3f50-43ed-a703-470a50380bf8/click 200 86 ms - 14
2021-01-29 05:34:56:334 [HTTP] 
2021-01-29 05:34:56:395 [HTTP] --> GET /wd/hub/session/7a0a8deb-1872-4014-92c2-db61d370c3cc/context
2021-01-29 05:34:56:396 [HTTP] {}
2021-01-29 05:34:56:398 [W3C (7a0a8deb)] Calling AppiumDriver.getCurrentContext() with args: ["7a0a8deb-1872-4014-92c2-db61d370c3cc"]
2021-01-29 05:34:56:401 [W3C (7a0a8deb)] Responding to client with driver.getCurrentContext() result: "NATIVE_APP"
2021-01-29 05:34:56:404 [HTTP] <-- GET /wd/hub/session/7a0a8deb-1872-4014-92c2-db61d370c3cc/context 200 9 ms - 22
2021-01-29 05:34:56:405 [HTTP] 
2021-01-29 05:34:56:455 [HTTP] --> POST /wd/hub/session/7a0a8deb-1872-4014-92c2-db61d370c3cc/element
2021-01-29 05:34:56:456 [HTTP] {"using":"id","value":"com.mosl.mobile.dev:id/edClientCode"}
2021-01-29 05:34:56:460 [W3C (7a0a8deb)] Calling AppiumDriver.findElement() with args: ["id","com.mosl.mobile.dev:id/edClientCode","7a0a8deb-1872-4014-92c2-db61d370c3cc"]
2021-01-29 05:34:56:461 [BaseDriver] Valid locator strategies for this request: xpath, id, class name, accessibility id, -android uiautomator
2021-01-29 05:34:56:463 [BaseDriver] Waiting up to 10000 ms for condition
2021-01-29 05:34:56:465 [WD Proxy] Matched '/element' to command name 'findElement'
2021-01-29 05:34:56:466 [WD Proxy] Proxying [POST /element] to [POST http://127.0.0.1:8200/wd/hub/session/c9fcadbc-ebf4-471a-b57b-7c69c1d694da/element] with body: {"strategy":"id","selector":"com.mosl.mobile.dev:id/edClientCode","context":"","multiple":false}
2021-01-29 05:34:57:340 [WD Proxy] Got response with status 404: {"sessionId":"c9fcadbc-ebf4-471a-b57b-7c69c1d694da","value":{"error":"no such element","message":"An element could not be located on the page using the given search parameters","stacktrace":"io.appium.uiautomator2.common.exceptions.ElementNotFoundException: An element could not be located on the page using the given search parameters\n\tat io.appium.uiautomator2.handler.FindElement.safeHandle(FindElement.java:73)\n\tat io.appium.uiautomator2.handler.request.SafeRequestHandler.handle(SafeRequestHandler.java:41)\n\tat io.appium.uiautomator2.server.AppiumServlet.handleRequest(AppiumServlet.java:253)\n\tat io.appium.uiautomator2.server.AppiumServlet.handleHttpRequest(AppiumServlet.java:247)\n\tat io.appium.uiautomator2.http.ServerHandler.channelRead(ServerHandler.java:68)\n\tat io.netty.channel.AbstractChannelHandlerContext.invokeChannelRead(AbstractChannelHandlerContext.java:366)\n\tat io.netty.channel.AbstractChannelHandlerContext.invokeChannelRead(AbstractChannelHandlerContext.java:352)\n\tat io.netty.chann...
2021-01-29 05:34:57:350 [W3C] Matched W3C error code 'no such element' to NoSuchElementError
2021-01-29 05:34:57:352 [BaseDriver] Waited for 888 ms so far
2021-01-29 05:34:57:865 [WD Proxy] Matched '/element' to command name 'findElement'
2021-01-29 05:34:57:867 [WD Proxy] Proxying [POST /element] to [POST http://127.0.0.1:8200/wd/hub/session/c9fcadbc-ebf4-471a-b57b-7c69c1d694da/element] with body: {"strategy":"id","selector":"com.mosl.mobile.dev:id/edClientCode","context":"","multiple":false}
2021-01-29 05:35:01:947 [WD Proxy] Got response with status 404: {"sessionId":"c9fcadbc-ebf4-471a-b57b-7c69c1d694da","value":{"error":"no such element","message":"An element could not be located on the page using the given search parameters","stacktrace":"io.appium.uiautomator2.common.exceptions.ElementNotFoundException: An element could not be located on the page using the given search parameters\n\tat io.appium.uiautomator2.handler.FindElement.safeHandle(FindElement.java:73)\n\tat io.appium.uiautomator2.handler.request.SafeRequestHandler.handle(SafeRequestHandler.java:41)\n\tat io.appium.uiautomator2.server.AppiumServlet.handleRequest(AppiumServlet.java:253)\n\tat io.appium.uiautomator2.server.AppiumServlet.handleHttpRequest(AppiumServlet.java:247)\n\tat io.appium.uiautomator2.http.ServerHandler.channelRead(ServerHandler.java:68)\n\tat io.netty.channel.AbstractChannelHandlerContext.invokeChannelRead(AbstractChannelHandlerContext.java:366)\n\tat io.netty.channel.AbstractChannelHandlerContext.invokeChannelRead(AbstractChannelHandlerContext.java:352)\n\tat io.netty.chann...
2021-01-29 05:35:01:952 [W3C] Matched W3C error code 'no such element' to NoSuchElementError
2021-01-29 05:35:01:954 [BaseDriver] Waited for 5490 ms so far
2021-01-29 05:35:02:461 [WD Proxy] Matched '/element' to command name 'findElement'
2021-01-29 05:35:02:463 [WD Proxy] Proxying [POST /element] to [POST http://127.0.0.1:8200/wd/hub/session/c9fcadbc-ebf4-471a-b57b-7c69c1d694da/element] with body: {"strategy":"id","selector":"com.mosl.mobile.dev:id/edClientCode","context":"","multiple":false}
2021-01-29 05:35:05:274 [WD Proxy] Got response with status 404: {"sessionId":"c9fcadbc-ebf4-471a-b57b-7c69c1d694da","value":{"error":"no such element","message":"An element could not be located on the page using the given search parameters","stacktrace":"io.appium.uiautomator2.common.exceptions.ElementNotFoundException: An element could not be located on the page using the given search parameters\n\tat io.appium.uiautomator2.handler.FindElement.safeHandle(FindElement.java:73)\n\tat io.appium.uiautomator2.handler.request.SafeRequestHandler.handle(SafeRequestHandler.java:41)\n\tat io.appium.uiautomator2.server.AppiumServlet.handleRequest(AppiumServlet.java:253)\n\tat io.appium.uiautomator2.server.AppiumServlet.handleHttpRequest(AppiumServlet.java:247)\n\tat io.appium.uiautomator2.http.ServerHandler.channelRead(ServerHandler.java:68)\n\tat io.netty.channel.AbstractChannelHandlerContext.invokeChannelRead(AbstractChannelHandlerContext.java:366)\n\tat io.netty.channel.AbstractChannelHandlerContext.invokeChannelRead(AbstractChannelHandlerContext.java:352)\n\tat io.netty.chann...
2021-01-29 05:35:05:276 [W3C] Matched W3C error code 'no such element' to NoSuchElementError
2021-01-29 05:35:05:278 [BaseDriver] Waited for 8814 ms so far
2021-01-29 05:35:05:783 [WD Proxy] Matched '/element' to command name 'findElement'
2021-01-29 05:35:05:786 [WD Proxy] Proxying [POST /element] to [POST http://127.0.0.1:8200/wd/hub/session/c9fcadbc-ebf4-471a-b57b-7c69c1d694da/element] with body: {"strategy":"id","selector":"com.mosl.mobile.dev:id/edClientCode","context":"","multiple":false}
2021-01-29 05:35:07:802 [WD Proxy] Got response with status 200: {"sessionId":"c9fcadbc-ebf4-471a-b57b-7c69c1d694da","value":{"ELEMENT":"fe07eabd-5114-479f-9633-281f93dfe986","element-6066-11e4-a52e-4f735466cecf":"fe07eabd-5114-479f-9633-281f93dfe986"}}
2021-01-29 05:35:07:805 [W3C (7a0a8deb)] Responding to client with driver.findElement() result: {"element-6066-11e4-a52e-4f735466cecf":"fe07eabd-5114-479f-9633-281f93dfe986","ELEMENT":"fe07eabd-5114-479f-9633-281f93dfe986"}
2021-01-29 05:35:07:811 [HTTP] <-- POST /wd/hub/session/7a0a8deb-1872-4014-92c2-db61d370c3cc/element 200 11352 ms - 137
2021-01-29 05:35:07:812 [HTTP] 
2021-01-29 05:35:07:892 [HTTP] --> POST /wd/hub/session/7a0a8deb-1872-4014-92c2-db61d370c3cc/element/fe07eabd-5114-479f-9633-281f93dfe986/value
2021-01-29 05:35:07:894 [HTTP] {"id":"fe07eabd-5114-479f-9633-281f93dfe986","text":"KIH009","value":["K","I","H","0","0","9"]}
2021-01-29 05:35:07:898 [W3C (7a0a8deb)] Calling AppiumDriver.setValue() with args: [["K","I","H","0","0","9"],"fe07eabd-5114-479f-9633-281f93dfe986","7a0a8deb-1872-4014-92c2-db61d370c3cc"]
2021-01-29 05:35:07:905 [WD Proxy] Matched '/element/fe07eabd-5114-479f-9633-281f93dfe986/value' to command name 'setValue'
2021-01-29 05:35:07:907 [Protocol Converter] Added 'value' property ["K","I","H","0","0","9"] to 'setValue' request body
2021-01-29 05:35:07:909 [WD Proxy] Proxying [POST /element/fe07eabd-5114-479f-9633-281f93dfe986/value] to [POST http://127.0.0.1:8200/wd/hub/session/c9fcadbc-ebf4-471a-b57b-7c69c1d694da/element/fe07eabd-5114-479f-9633-281f93dfe986/value] with body: {"elementId":"fe07eabd-5114-479f-9633-281f93dfe986","text":"KIH009","replace":false,"value":["K","I","H","0","0","9"]}
2021-01-29 05:35:09:514 [WD Proxy] Got response with status 200: {"sessionId":"c9fcadbc-ebf4-471a-b57b-7c69c1d694da","value":null}
2021-01-29 05:35:09:520 [W3C (7a0a8deb)] Responding to client with driver.setValue() result: null
2021-01-29 05:35:09:527 [HTTP] <-- POST /wd/hub/session/7a0a8deb-1872-4014-92c2-db61d370c3cc/element/fe07eabd-5114-479f-9633-281f93dfe986/value 200 1631 ms - 14
2021-01-29 05:35:09:533 [HTTP] 
2021-01-29 05:35:09:570 [HTTP] --> GET /wd/hub/session/7a0a8deb-1872-4014-92c2-db61d370c3cc/context
2021-01-29 05:35:09:571 [HTTP] {}
2021-01-29 05:35:09:573 [W3C (7a0a8deb)] Calling AppiumDriver.getCurrentContext() with args: ["7a0a8deb-1872-4014-92c2-db61d370c3cc"]
2021-01-29 05:35:09:577 [W3C (7a0a8deb)] Responding to client with driver.getCurrentContext() result: "NATIVE_APP"
2021-01-29 05:35:09:582 [HTTP] <-- GET /wd/hub/session/7a0a8deb-1872-4014-92c2-db61d370c3cc/context 200 11 ms - 22
2021-01-29 05:35:09:583 [HTTP] 
2021-01-29 05:35:09:618 [HTTP] --> POST /wd/hub/session/7a0a8deb-1872-4014-92c2-db61d370c3cc/element
2021-01-29 05:35:09:620 [HTTP] {"using":"id","value":"com.mosl.mobile.dev:id/edClientPass"}
2021-01-29 05:35:09:624 [W3C (7a0a8deb)] Calling AppiumDriver.findElement() with args: ["id","com.mosl.mobile.dev:id/edClientPass","7a0a8deb-1872-4014-92c2-db61d370c3cc"]
2021-01-29 05:35:09:625 [BaseDriver] Valid locator strategies for this request: xpath, id, class name, accessibility id, -android uiautomator
2021-01-29 05:35:09:626 [BaseDriver] Waiting up to 10000 ms for condition
2021-01-29 05:35:09:627 [WD Proxy] Matched '/element' to command name 'findElement'
2021-01-29 05:35:09:628 [WD Proxy] Proxying [POST /element] to [POST http://127.0.0.1:8200/wd/hub/session/c9fcadbc-ebf4-471a-b57b-7c69c1d694da/element] with body: {"strategy":"id","selector":"com.mosl.mobile.dev:id/edClientPass","context":"","multiple":false}
2021-01-29 05:35:10:096 [WD Proxy] Got response with status 200: {"sessionId":"c9fcadbc-ebf4-471a-b57b-7c69c1d694da","value":{"ELEMENT":"98764c42-cd59-4cbe-a0b1-f7506c80589d","element-6066-11e4-a52e-4f735466cecf":"98764c42-cd59-4cbe-a0b1-f7506c80589d"}}
2021-01-29 05:35:10:098 [W3C (7a0a8deb)] Responding to client with driver.findElement() result: {"element-6066-11e4-a52e-4f735466cecf":"98764c42-cd59-4cbe-a0b1-f7506c80589d","ELEMENT":"98764c42-cd59-4cbe-a0b1-f7506c80589d"}
2021-01-29 05:35:10:101 [HTTP] <-- POST /wd/hub/session/7a0a8deb-1872-4014-92c2-db61d370c3cc/element 200 482 ms - 137
2021-01-29 05:35:10:103 [HTTP] 
2021-01-29 05:35:10:164 [HTTP] --> POST /wd/hub/session/7a0a8deb-1872-4014-92c2-db61d370c3cc/element/98764c42-cd59-4cbe-a0b1-f7506c80589d/value
2021-01-29 05:35:10:165 [HTTP] {"id":"98764c42-cd59-4cbe-a0b1-f7506c80589d","text":"abc@123","value":["a","b","c","@","1","2","3"]}
2021-01-29 05:35:10:168 [W3C (7a0a8deb)] Calling AppiumDriver.setValue() with args: [["a","b","c","@","1","2","3"],"98764c42-cd59-4cbe-a0b1-f7506c80589d","7a0a8deb-1872-4014-92c2-db61d370c3cc"]
2021-01-29 05:35:10:172 [WD Proxy] Matched '/element/98764c42-cd59-4cbe-a0b1-f7506c80589d/value' to command name 'setValue'
2021-01-29 05:35:10:173 [Protocol Converter] Added 'value' property ["a","b","c","@","1","2","3"] to 'setValue' request body
2021-01-29 05:35:10:175 [WD Proxy] Proxying [POST /element/98764c42-cd59-4cbe-a0b1-f7506c80589d/value] to [POST http://127.0.0.1:8200/wd/hub/session/c9fcadbc-ebf4-471a-b57b-7c69c1d694da/element/98764c42-cd59-4cbe-a0b1-f7506c80589d/value] with body: {"elementId":"98764c42-cd59-4cbe-a0b1-f7506c80589d","text":"abc@123","replace":false,"value":["a","b","c","@","1","2","3"]}
2021-01-29 05:35:10:800 [WD Proxy] Got response with status 200: {"sessionId":"c9fcadbc-ebf4-471a-b57b-7c69c1d694da","value":null}
2021-01-29 05:35:10:803 [W3C (7a0a8deb)] Responding to client with driver.setValue() result: null
2021-01-29 05:35:10:807 [HTTP] <-- POST /wd/hub/session/7a0a8deb-1872-4014-92c2-db61d370c3cc/element/98764c42-cd59-4cbe-a0b1-f7506c80589d/value 200 641 ms - 14
2021-01-29 05:35:10:808 [HTTP] 
2021-01-29 05:35:10:865 [HTTP] --> GET /wd/hub/session/7a0a8deb-1872-4014-92c2-db61d370c3cc/context
2021-01-29 05:35:10:866 [HTTP] {}
2021-01-29 05:35:10:868 [W3C (7a0a8deb)] Calling AppiumDriver.getCurrentContext() with args: ["7a0a8deb-1872-4014-92c2-db61d370c3cc"]
2021-01-29 05:35:10:871 [W3C (7a0a8deb)] Responding to client with driver.getCurrentContext() result: "NATIVE_APP"
2021-01-29 05:35:10:874 [HTTP] <-- GET /wd/hub/session/7a0a8deb-1872-4014-92c2-db61d370c3cc/context 200 8 ms - 22
2021-01-29 05:35:10:875 [HTTP] 
2021-01-29 05:35:10:920 [HTTP] --> POST /wd/hub/session/7a0a8deb-1872-4014-92c2-db61d370c3cc/element
2021-01-29 05:35:10:923 [HTTP] {"using":"id","value":"com.mosl.mobile.dev:id/btnLogin"}
2021-01-29 05:35:10:925 [W3C (7a0a8deb)] Calling AppiumDriver.findElement() with args: ["id","com.mosl.mobile.dev:id/btnLogin","7a0a8deb-1872-4014-92c2-db61d370c3cc"]
2021-01-29 05:35:10:927 [BaseDriver] Valid locator strategies for this request: xpath, id, class name, accessibility id, -android uiautomator
2021-01-29 05:35:10:929 [BaseDriver] Waiting up to 10000 ms for condition
2021-01-29 05:35:10:932 [WD Proxy] Matched '/element' to command name 'findElement'
2021-01-29 05:35:10:933 [WD Proxy] Proxying [POST /element] to [POST http://127.0.0.1:8200/wd/hub/session/c9fcadbc-ebf4-471a-b57b-7c69c1d694da/element] with body: {"strategy":"id","selector":"com.mosl.mobile.dev:id/btnLogin","context":"","multiple":false}
2021-01-29 05:35:11:326 [WD Proxy] Got response with status 200: {"sessionId":"c9fcadbc-ebf4-471a-b57b-7c69c1d694da","value":{"ELEMENT":"4ce817be-1614-478c-a9e3-16fcd7413f73","element-6066-11e4-a52e-4f735466cecf":"4ce817be-1614-478c-a9e3-16fcd7413f73"}}
2021-01-29 05:35:11:327 [W3C (7a0a8deb)] Responding to client with driver.findElement() result: {"element-6066-11e4-a52e-4f735466cecf":"4ce817be-1614-478c-a9e3-16fcd7413f73","ELEMENT":"4ce817be-1614-478c-a9e3-16fcd7413f73"}
2021-01-29 05:35:11:330 [HTTP] <-- POST /wd/hub/session/7a0a8deb-1872-4014-92c2-db61d370c3cc/element 200 410 ms - 137
2021-01-29 05:35:11:330 [HTTP] 
2021-01-29 05:35:11:353 [HTTP] --> GET /wd/hub/session/7a0a8deb-1872-4014-92c2-db61d370c3cc/element/4ce817be-1614-478c-a9e3-16fcd7413f73/displayed
2021-01-29 05:35:11:354 [HTTP] {}
2021-01-29 05:35:11:355 [W3C (7a0a8deb)] Calling AppiumDriver.elementDisplayed() with args: ["4ce817be-1614-478c-a9e3-16fcd7413f73","7a0a8deb-1872-4014-92c2-db61d370c3cc"]
2021-01-29 05:35:11:358 [WD Proxy] Matched '/element/4ce817be-1614-478c-a9e3-16fcd7413f73/attribute/displayed' to command name 'getAttribute'
2021-01-29 05:35:11:359 [WD Proxy] Proxying [GET /element/4ce817be-1614-478c-a9e3-16fcd7413f73/attribute/displayed] to [GET http://127.0.0.1:8200/wd/hub/session/c9fcadbc-ebf4-471a-b57b-7c69c1d694da/element/4ce817be-1614-478c-a9e3-16fcd7413f73/attribute/displayed] with no body
2021-01-29 05:35:11:386 [WD Proxy] Got response with status 200: {"sessionId":"c9fcadbc-ebf4-471a-b57b-7c69c1d694da","value":"true"}
2021-01-29 05:35:11:387 [W3C (7a0a8deb)] Responding to client with driver.elementDisplayed() result: true
2021-01-29 05:35:11:390 [HTTP] <-- GET /wd/hub/session/7a0a8deb-1872-4014-92c2-db61d370c3cc/element/4ce817be-1614-478c-a9e3-16fcd7413f73/displayed 200 35 ms - 14
2021-01-29 05:35:11:391 [HTTP] 
2021-01-29 05:35:11:408 [HTTP] --> GET /wd/hub/session/7a0a8deb-1872-4014-92c2-db61d370c3cc/context
2021-01-29 05:35:11:409 [HTTP] {}
2021-01-29 05:35:11:410 [W3C (7a0a8deb)] Calling AppiumDriver.getCurrentContext() with args: ["7a0a8deb-1872-4014-92c2-db61d370c3cc"]
2021-01-29 05:35:11:412 [W3C (7a0a8deb)] Responding to client with driver.getCurrentContext() result: "NATIVE_APP"
2021-01-29 05:35:11:414 [HTTP] <-- GET /wd/hub/session/7a0a8deb-1872-4014-92c2-db61d370c3cc/context 200 6 ms - 22
2021-01-29 05:35:11:415 [HTTP] 
2021-01-29 05:35:11:447 [HTTP] --> POST /wd/hub/session/7a0a8deb-1872-4014-92c2-db61d370c3cc/element
2021-01-29 05:35:11:447 [HTTP] {"using":"id","value":"com.mosl.mobile.dev:id/btnLogin"}
2021-01-29 05:35:11:449 [W3C (7a0a8deb)] Calling AppiumDriver.findElement() with args: ["id","com.mosl.mobile.dev:id/btnLogin","7a0a8deb-1872-4014-92c2-db61d370c3cc"]
2021-01-29 05:35:11:450 [BaseDriver] Valid locator strategies for this request: xpath, id, class name, accessibility id, -android uiautomator
2021-01-29 05:35:11:451 [BaseDriver] Waiting up to 10000 ms for condition
2021-01-29 05:35:11:453 [WD Proxy] Matched '/element' to command name 'findElement'
2021-01-29 05:35:11:454 [WD Proxy] Proxying [POST /element] to [POST http://127.0.0.1:8200/wd/hub/session/c9fcadbc-ebf4-471a-b57b-7c69c1d694da/element] with body: {"strategy":"id","selector":"com.mosl.mobile.dev:id/btnLogin","context":"","multiple":false}
2021-01-29 05:35:11:532 [WD Proxy] Got response with status 200: {"sessionId":"c9fcadbc-ebf4-471a-b57b-7c69c1d694da","value":{"ELEMENT":"a0ee92d3-22f0-4e5a-8536-26278c64927f","element-6066-11e4-a52e-4f735466cecf":"a0ee92d3-22f0-4e5a-8536-26278c64927f"}}
2021-01-29 05:35:11:534 [W3C (7a0a8deb)] Responding to client with driver.findElement() result: {"element-6066-11e4-a52e-4f735466cecf":"a0ee92d3-22f0-4e5a-8536-26278c64927f","ELEMENT":"a0ee92d3-22f0-4e5a-8536-26278c64927f"}
2021-01-29 05:35:11:538 [HTTP] <-- POST /wd/hub/session/7a0a8deb-1872-4014-92c2-db61d370c3cc/element 200 89 ms - 137
2021-01-29 05:35:11:540 [HTTP] 
2021-01-29 05:35:11:610 [HTTP] --> POST /wd/hub/session/7a0a8deb-1872-4014-92c2-db61d370c3cc/element/a0ee92d3-22f0-4e5a-8536-26278c64927f/click
2021-01-29 05:35:11:611 [HTTP] {"id":"a0ee92d3-22f0-4e5a-8536-26278c64927f"}
2021-01-29 05:35:11:613 [W3C (7a0a8deb)] Calling AppiumDriver.click() with args: ["a0ee92d3-22f0-4e5a-8536-26278c64927f","7a0a8deb-1872-4014-92c2-db61d370c3cc"]
2021-01-29 05:35:11:616 [WD Proxy] Matched '/element/a0ee92d3-22f0-4e5a-8536-26278c64927f/click' to command name 'click'
2021-01-29 05:35:11:618 [WD Proxy] Proxying [POST /element/a0ee92d3-22f0-4e5a-8536-26278c64927f/click] to [POST http://127.0.0.1:8200/wd/hub/session/c9fcadbc-ebf4-471a-b57b-7c69c1d694da/element/a0ee92d3-22f0-4e5a-8536-26278c64927f/click] with body: {"element":"a0ee92d3-22f0-4e5a-8536-26278c64927f"}
2021-01-29 05:35:11:687 [WD Proxy] Got response with status 200: {"sessionId":"c9fcadbc-ebf4-471a-b57b-7c69c1d694da","value":null}
2021-01-29 05:35:11:690 [W3C (7a0a8deb)] Responding to client with driver.click() result: null
2021-01-29 05:35:11:693 [HTTP] <-- POST /wd/hub/session/7a0a8deb-1872-4014-92c2-db61d370c3cc/element/a0ee92d3-22f0-4e5a-8536-26278c64927f/click 200 82 ms - 14
2021-01-29 05:35:11:694 [HTTP] 
2021-01-29 05:35:11:769 [HTTP] --> DELETE /wd/hub/session/7a0a8deb-1872-4014-92c2-db61d370c3cc
2021-01-29 05:35:11:770 [HTTP] {}
2021-01-29 05:35:11:772 [W3C (7a0a8deb)] Calling AppiumDriver.deleteSession() with args: ["7a0a8deb-1872-4014-92c2-db61d370c3cc"]
2021-01-29 05:35:11:773 [BaseDriver] Event 'quitSessionRequested' logged at 1611898511772 (11:05:11 GMT+0530 (India Standard Time))
2021-01-29 05:35:11:776 [Appium] Removing session 7a0a8deb-1872-4014-92c2-db61d370c3cc from our master session list
2021-01-29 05:35:11:779 [UiAutomator2] Deleting UiAutomator2 session
2021-01-29 05:35:11:783 [UiAutomator2] Deleting UiAutomator2 server session
2021-01-29 05:35:11:785 [WD Proxy] Matched '/' to command name 'deleteSession'
2021-01-29 05:35:11:786 [WD Proxy] Proxying [DELETE /] to [DELETE http://127.0.0.1:8200/wd/hub/session/c9fcadbc-ebf4-471a-b57b-7c69c1d694da] with no body
2021-01-29 05:35:11:893 [WD Proxy] Got response with status 200: {"sessionId":"c9fcadbc-ebf4-471a-b57b-7c69c1d694da","value":null}
2021-01-29 05:35:11:895 [ADB] Running 'C:\Users\AMAR-G\AppData\Local\Android\Sdk\platform-tools\adb.exe -P 5037 -s emulator-5554 shell am force-stop com.mosl.mobile.dev'
2021-01-29 05:35:11:988 [Instrumentation] .
2021-01-29 05:35:13:262 [Logcat] Stopping logcat capture
2021-01-29 05:35:13:281 [ADB] Removing forwarded port socket connection: 8200 
2021-01-29 05:35:13:284 [ADB] Running 'C:\Users\AMAR-G\AppData\Local\Android\Sdk\platform-tools\adb.exe -P 5037 -s emulator-5554 forward --remove tcp\:8200'
2021-01-29 05:35:13:539 [BaseDriver] Event 'quitSessionFinished' logged at 1611898513538 (11:05:13 GMT+0530 (India Standard Time))
2021-01-29 05:35:13:540 [W3C (7a0a8deb)] Received response: null
2021-01-29 05:35:13:543 [W3C (7a0a8deb)] But deleting session, so not returning
2021-01-29 05:35:13:546 [W3C (7a0a8deb)] Responding to client with driver.deleteSession() result: null
2021-01-29 05:35:13:550 [W3C (7a0a8deb)] Destroying socket connection
2021-01-29 05:35:13:553 [HTTP] <-- DELETE /wd/hub/session/7a0a8deb-1872-4014-92c2-db61d370c3cc 200 1781 ms - 14
2021-01-29 05:35:13:555 [HTTP] 
2021-01-29 05:35:15:206 [Instrumentation] Time: 38.538
2021-01-29 05:35:15:207 [Instrumentation] 
2021-01-29 05:35:15:208 [Instrumentation] OK (1 test)
2021-01-29 05:35:17:090 [Instrumentation] The process has exited with code 0
